
*** Running vivado
    with args -log design_1_Debounce_Switch_0_4.vds -m64 -product Vivado -mode batch -messageDb vivado.pb -notrace -source design_1_Debounce_Switch_0_4.tcl


****** Vivado v2020.1 (64-bit)
  **** SW Build 2902540 on Wed May 27 19:54:35 MDT 2020
  **** IP Build 2902112 on Wed May 27 22:43:36 MDT 2020
    ** Copyright 1986-2020 Xilinx, Inc. All Rights Reserved.

source design_1_Debounce_Switch_0_4.tcl -notrace
Command: synth_design -top design_1_Debounce_Switch_0_4 -part xc7z020clg400-1 -mode out_of_context
Starting synth_design
WARNING: [IP_Flow 19-3571] IP 'design_1_Debounce_Switch_0_4' is restricted:
* Module reference is stale and needs refreshing.
Attempting to get a license for feature 'Synthesis' and/or device 'xc7z020'
INFO: [Common 17-349] Got license for feature 'Synthesis' and/or device 'xc7z020'
INFO: [Device 21-403] Loading part xc7z020clg400-1
INFO: [Synth 8-7079] Multithreading enabled for synth_design using a maximum of 4 processes.
INFO: [Synth 8-7078] Launching helper process for spawning children vivado processes
INFO: [Synth 8-7075] Helper process launched with PID 355887
---------------------------------------------------------------------------------
Starting RTL Elaboration : Time (s): cpu = 00:00:03 ; elapsed = 00:00:04 . Memory (MB): peak = 2079.090 ; gain = 0.000 ; free physical = 5958 ; free virtual = 11475
---------------------------------------------------------------------------------
INFO: [Synth 8-6157] synthesizing module 'design_1_Debounce_Switch_0_4' [/home/sims0702/DDC_project/lab3.srcs/sources_1/bd/design_1/ip/design_1_Debounce_Switch_0_4/synth/design_1_Debounce_Switch_0_4.v:58]
INFO: [Synth 8-6157] synthesizing module 'Debounce_Switch' [/home/sims0702/DDC_project/lab3.srcs/sources_1/imports/Downloads/Debounce_Switch.v:8]
	Parameter c_DEBOUNCE_LIMIT bound to: 250000 - type: integer 
WARNING: [Synth 8-589] replacing case/wildcard equality operator !== with logical equality operator != [/home/sims0702/DDC_project/lab3.srcs/sources_1/imports/Downloads/Debounce_Switch.v:19]
INFO: [Synth 8-6155] done synthesizing module 'Debounce_Switch' (1#1) [/home/sims0702/DDC_project/lab3.srcs/sources_1/imports/Downloads/Debounce_Switch.v:8]
INFO: [Synth 8-6155] done synthesizing module 'design_1_Debounce_Switch_0_4' (2#1) [/home/sims0702/DDC_project/lab3.srcs/sources_1/bd/design_1/ip/design_1_Debounce_Switch_0_4/synth/design_1_Debounce_Switch_0_4.v:58]
---------------------------------------------------------------------------------
Finished RTL Elaboration : Time (s): cpu = 00:00:04 ; elapsed = 00:00:05 . Memory (MB): peak = 2079.090 ; gain = 0.000 ; free physical = 6098 ; free virtual = 11616
---------------------------------------------------------------------------------
---------------------------------------------------------------------------------
Start Handling Custom Attributes
---------------------------------------------------------------------------------
---------------------------------------------------------------------------------
Finished Handling Custom Attributes : Time (s): cpu = 00:00:04 ; elapsed = 00:00:05 . Memory (MB): peak = 2079.090 ; gain = 0.000 ; free physical = 6080 ; free virtual = 11598
---------------------------------------------------------------------------------
---------------------------------------------------------------------------------
Finished RTL Optimization Phase 1 : Time (s): cpu = 00:00:04 ; elapsed = 00:00:05 . Memory (MB): peak = 2079.090 ; gain = 0.000 ; free physical = 6080 ; free virtual = 11598
---------------------------------------------------------------------------------
Netlist sorting complete. Time (s): cpu = 00:00:00 ; elapsed = 00:00:00 . Memory (MB): peak = 2079.090 ; gain = 0.000 ; free physical = 6075 ; free virtual = 11592
INFO: [Project 1-570] Preparing netlist for logic optimization

Processing XDC Constraints
Initializing timing engine
Completed Processing XDC Constraints

Netlist sorting complete. Time (s): cpu = 00:00:00 ; elapsed = 00:00:00 . Memory (MB): peak = 2142.984 ; gain = 0.000 ; free physical = 5956 ; free virtual = 11474
INFO: [Project 1-111] Unisim Transformation Summary:
No Unisim elements were transformed.

Constraint Validation Runtime : Time (s): cpu = 00:00:00.01 ; elapsed = 00:00:00.01 . Memory (MB): peak = 2142.984 ; gain = 0.000 ; free physical = 5956 ; free virtual = 11473
---------------------------------------------------------------------------------
Finished Constraint Validation : Time (s): cpu = 00:00:08 ; elapsed = 00:00:10 . Memory (MB): peak = 2142.984 ; gain = 63.895 ; free physical = 6031 ; free virtual = 11550
---------------------------------------------------------------------------------
---------------------------------------------------------------------------------
Start Loading Part and Timing Information
---------------------------------------------------------------------------------
Loading part: xc7z020clg400-1
---------------------------------------------------------------------------------
Finished Loading Part and Timing Information : Time (s): cpu = 00:00:08 ; elapsed = 00:00:10 . Memory (MB): peak = 2142.984 ; gain = 63.895 ; free physical = 6039 ; free virtual = 11557
---------------------------------------------------------------------------------
---------------------------------------------------------------------------------
Start Applying 'set_property' XDC Constraints
---------------------------------------------------------------------------------
---------------------------------------------------------------------------------
Finished applying 'set_property' XDC Constraints : Time (s): cpu = 00:00:08 ; elapsed = 00:00:10 . Memory (MB): peak = 2142.984 ; gain = 63.895 ; free physical = 6039 ; free virtual = 11557
---------------------------------------------------------------------------------
---------------------------------------------------------------------------------
Finished RTL Optimization Phase 2 : Time (s): cpu = 00:00:08 ; elapsed = 00:00:10 . Memory (MB): peak = 2142.984 ; gain = 63.895 ; free physical = 6023 ; free virtual = 11544
---------------------------------------------------------------------------------
---------------------------------------------------------------------------------
Start RTL Component Statistics 
---------------------------------------------------------------------------------
Detailed RTL Component Info : 
+---Registers : 
	                1 Bit    Registers := 1     
---------------------------------------------------------------------------------
Finished RTL Component Statistics 
---------------------------------------------------------------------------------
---------------------------------------------------------------------------------
Start Part Resource Summary
---------------------------------------------------------------------------------
Part Resources:
DSPs: 220 (col length:60)
BRAMs: 280 (col length: RAMB18 60 RAMB36 30)
---------------------------------------------------------------------------------
Finished Part Resource Summary
---------------------------------------------------------------------------------
---------------------------------------------------------------------------------
Start Cross Boundary and Area Optimization
---------------------------------------------------------------------------------
---------------------------------------------------------------------------------
Finished Cross Boundary and Area Optimization : Time (s): cpu = 00:00:08 ; elapsed = 00:00:11 . Memory (MB): peak = 2142.984 ; gain = 63.895 ; free physical = 5994 ; free virtual = 11519
---------------------------------------------------------------------------------
---------------------------------------------------------------------------------
Start Applying XDC Timing Constraints
---------------------------------------------------------------------------------
---------------------------------------------------------------------------------
Finished Applying XDC Timing Constraints : Time (s): cpu = 00:00:13 ; elapsed = 00:00:16 . Memory (MB): peak = 2142.984 ; gain = 63.895 ; free physical = 5763 ; free virtual = 11288
---------------------------------------------------------------------------------
---------------------------------------------------------------------------------
Start Timing Optimization
---------------------------------------------------------------------------------
---------------------------------------------------------------------------------
Finished Timing Optimization : Time (s): cpu = 00:00:13 ; elapsed = 00:00:16 . Memory (MB): peak = 2142.984 ; gain = 63.895 ; free physical = 5763 ; free virtual = 11288
---------------------------------------------------------------------------------
---------------------------------------------------------------------------------
Start Technology Mapping
---------------------------------------------------------------------------------
---------------------------------------------------------------------------------
Finished Technology Mapping : Time (s): cpu = 00:00:13 ; elapsed = 00:00:16 . Memory (MB): peak = 2142.984 ; gain = 63.895 ; free physical = 5762 ; free virtual = 11286
---------------------------------------------------------------------------------
---------------------------------------------------------------------------------
Start IO Insertion
---------------------------------------------------------------------------------
---------------------------------------------------------------------------------
Start Flattening Before IO Insertion
---------------------------------------------------------------------------------
---------------------------------------------------------------------------------
Finished Flattening Before IO Insertion
---------------------------------------------------------------------------------
---------------------------------------------------------------------------------
Start Final Netlist Cleanup
---------------------------------------------------------------------------------
---------------------------------------------------------------------------------
Finished Final Netlist Cleanup
---------------------------------------------------------------------------------
---------------------------------------------------------------------------------
Finished IO Insertion : Time (s): cpu = 00:00:15 ; elapsed = 00:00:18 . Memory (MB): peak = 2142.984 ; gain = 63.895 ; free physical = 5883 ; free virtual = 11408
---------------------------------------------------------------------------------
---------------------------------------------------------------------------------
Start Renaming Generated Instances
---------------------------------------------------------------------------------
---------------------------------------------------------------------------------
Finished Renaming Generated Instances : Time (s): cpu = 00:00:15 ; elapsed = 00:00:18 . Memory (MB): peak = 2142.984 ; gain = 63.895 ; free physical = 5883 ; free virtual = 11408
---------------------------------------------------------------------------------
---------------------------------------------------------------------------------
Start Rebuilding User Hierarchy
---------------------------------------------------------------------------------
---------------------------------------------------------------------------------
Finished Rebuilding User Hierarchy : Time (s): cpu = 00:00:15 ; elapsed = 00:00:18 . Memory (MB): peak = 2142.984 ; gain = 63.895 ; free physical = 5883 ; free virtual = 11408
---------------------------------------------------------------------------------
---------------------------------------------------------------------------------
Start Renaming Generated Ports
---------------------------------------------------------------------------------
---------------------------------------------------------------------------------
Finished Renaming Generated Ports : Time (s): cpu = 00:00:15 ; elapsed = 00:00:18 . Memory (MB): peak = 2142.984 ; gain = 63.895 ; free physical = 5883 ; free virtual = 11408
---------------------------------------------------------------------------------
---------------------------------------------------------------------------------
Start Handling Custom Attributes
---------------------------------------------------------------------------------
---------------------------------------------------------------------------------
Finished Handling Custom Attributes : Time (s): cpu = 00:00:15 ; elapsed = 00:00:18 . Memory (MB): peak = 2142.984 ; gain = 63.895 ; free physical = 5884 ; free virtual = 11408
---------------------------------------------------------------------------------
---------------------------------------------------------------------------------
Start Renaming Generated Nets
---------------------------------------------------------------------------------
---------------------------------------------------------------------------------
Finished Renaming Generated Nets : Time (s): cpu = 00:00:15 ; elapsed = 00:00:18 . Memory (MB): peak = 2142.984 ; gain = 63.895 ; free physical = 5883 ; free virtual = 11408
---------------------------------------------------------------------------------
---------------------------------------------------------------------------------
Start Writing Synthesis Report
---------------------------------------------------------------------------------

Report BlackBoxes: 
+-+--------------+----------+
| |BlackBox name |Instances |
+-+--------------+----------+
+-+--------------+----------+

Report Cell Usage: 
+------+-------+------+
|      |Cell   |Count |
+------+-------+------+
|1     |CARRY4 |     5|
|2     |LUT1   |     1|
|3     |LUT3   |     1|
|4     |LUT4   |     2|
|5     |LUT5   |     2|
|6     |LUT6   |     3|
|7     |FDRE   |    19|
+------+-------+------+
---------------------------------------------------------------------------------
Finished Writing Synthesis Report : Time (s): cpu = 00:00:15 ; elapsed = 00:00:18 . Memory (MB): peak = 2142.984 ; gain = 63.895 ; free physical = 5883 ; free virtual = 11408
---------------------------------------------------------------------------------
Synthesis finished with 0 errors, 0 critical warnings and 0 warnings.
Synthesis Optimization Runtime : Time (s): cpu = 00:00:14 ; elapsed = 00:00:17 . Memory (MB): peak = 2142.984 ; gain = 0.000 ; free physical = 5938 ; free virtual = 11462
Synthesis Optimization Complete : Time (s): cpu = 00:00:15 ; elapsed = 00:00:18 . Memory (MB): peak = 2142.984 ; gain = 63.895 ; free physical = 5938 ; free virtual = 11462
INFO: [Project 1-571] Translating synthesized netlist
Netlist sorting complete. Time (s): cpu = 00:00:00 ; elapsed = 00:00:00 . Memory (MB): peak = 2142.984 ; gain = 0.000 ; free physical = 6008 ; free virtual = 11533
INFO: [Netlist 29-17] Analyzing 5 Unisim elements for replacement
INFO: [Netlist 29-28] Unisim Transformation completed in 0 CPU seconds
INFO: [Project 1-570] Preparing netlist for logic optimization
INFO: [Opt 31-138] Pushed 0 inverter(s) to 0 load pin(s).
Netlist sorting complete. Time (s): cpu = 00:00:00 ; elapsed = 00:00:00 . Memory (MB): peak = 2142.984 ; gain = 0.000 ; free physical = 6026 ; free virtual = 11550
INFO: [Project 1-111] Unisim Transformation Summary:
No Unisim elements were transformed.

INFO: [Common 17-83] Releasing license: Synthesis
18 Infos, 2 Warnings, 0 Critical Warnings and 0 Errors encountered.
synth_design completed successfully
synth_design: Time (s): cpu = 00:00:22 ; elapsed = 00:00:23 . Memory (MB): peak = 2142.984 ; gain = 64.031 ; free physical = 6166 ; free virtual = 11691
INFO: [Common 17-1381] The checkpoint '/home/sims0702/DDC_project/lab3.runs/design_1_Debounce_Switch_0_4_synth_1/design_1_Debounce_Switch_0_4.dcp' has been generated.
WARNING: [Common 17-576] 'use_project_ipc' is deprecated. This option is deprecated and no longer used.
INFO: [Common 17-1381] The checkpoint '/home/sims0702/DDC_project/lab3.runs/design_1_Debounce_Switch_0_4_synth_1/design_1_Debounce_Switch_0_4.dcp' has been generated.
INFO: [runtcl-4] Executing : report_utilization -file design_1_Debounce_Switch_0_4_utilization_synth.rpt -pb design_1_Debounce_Switch_0_4_utilization_synth.pb
INFO: [Common 17-206] Exiting Vivado at Tue Dec 12 23:20:58 2023...
